<?xml version="1.0" encoding="UTF-8"?>
<!-- Generated by org.testng.reporters.JUnitReportReporter -->
<testsuite skipped="0" hostname="DESKTOP-G0UDR61" name="test.IntegrationTest.Integration1" tests="1" failures="0" timestamp="10 Jun 2017 00:37:46 GMT" time="0.005" errors="0">
  <testcase name="f" time="0.005" classname="test.IntegrationTest.Integration1"/>
</testsuite> <!-- test.IntegrationTest.Integration1 -->
